0 info it worked if it ends with ok
1 verbose cli [ '/usr/bin/node', '/usr/bin/npm', 'link' ]
2 info using npm@2.11.3
3 info using node@v0.12.7
4 verbose node symlink /usr/bin/node
5 verbose linkPkg /root/nodejs/sobelOperator
6 silly gentlyRm /usr/lib/node_modules/sobel-cli is being purged
7 verbose gentlyRm don't care about contents; nuking /usr/lib/node_modules/sobel-cli
8 silly vacuum-fs purging /usr/lib/node_modules/sobel-cli
9 silly vacuum-fs quitting because other entries in /usr/lib/node_modules
10 verbose link build target /usr/lib/node_modules/sobel-cli
11 verbose install where, what [ '/root/nodejs/sobelOperator', [] ]
12 verbose readDependencies loading dependencies from /root/nodejs/sobelOperator/package.json
13 verbose install where, deps [ '/root/nodejs/sobelOperator', [ 'fs', 'moment', 'node-png' ] ]
14 verbose install where, peers [ '/root/nodejs/sobelOperator', [] ]
15 verbose installManyTop reading for lifecycle /root/nodejs/sobelOperator/package.json
16 info preinstall sobel-cli@1.0.1
17 verbose installManyTop reading scoped package data from /root/nodejs/sobelOperator/node_modules/fs/package.json
18 verbose installManyTop reading scoped package data from /root/nodejs/sobelOperator/node_modules/moment/package.json
19 verbose installManyTop reading scoped package data from /root/nodejs/sobelOperator/node_modules/node-png/package.json
20 info package.json fs@0.0.2 fs is also the name of a node core module.
21 info package.json fs@0.0.2 No description
22 info package.json fs@0.0.2 No repository field.
23 verbose readDependencies loading dependencies from /root/nodejs/sobelOperator/package.json
24 verbose targetResolver reading package data from /root/nodejs/sobelOperator/node_modules/fs/package.json
25 verbose targetResolver reading package data from /root/nodejs/sobelOperator/node_modules/moment/package.json
26 verbose targetResolver reading package data from /root/nodejs/sobelOperator/node_modules/node-png/package.json
27 verbose already installed skipping fs@0.0.2 /root/nodejs/sobelOperator
28 verbose already installed skipping moment@^2.10.6 /root/nodejs/sobelOperator
29 verbose already installed skipping node-png@^0.4.3 /root/nodejs/sobelOperator
30 silly install resolved []
31 info build /root/nodejs/sobelOperator
32 info linkStuff sobel-cli@1.0.1
33 silly linkStuff sobel-cli@1.0.1 has /root/nodejs as its parent node_modules
34 verbose linkBins sobel-cli@1.0.1
35 verbose linkMans sobel-cli@1.0.1
36 verbose rebuildBundles sobel-cli@1.0.1
37 verbose rebuildBundles [ 'fs', 'moment', 'node-png' ]
38 info install sobel-cli@1.0.1
39 info postinstall sobel-cli@1.0.1
40 info prepublish sobel-cli@1.0.1
41 verbose validateInstall loading /root/nodejs/sobelOperator/package.json for validation
42 info build /usr/lib/node_modules/sobel-cli
43 info linkStuff sobel-cli@1.0.1
44 silly linkStuff sobel-cli@1.0.1 has /usr/lib/node_modules as its parent node_modules
45 silly linkStuff sobel-cli@1.0.1 is part of a global install
46 silly linkStuff sobel-cli@1.0.1 is installed into a global node_modules
47 silly linkStuff sobel-cli@1.0.1 is installed into the top-level global node_modules
48 verbose linkBins sobel-cli@1.0.1
49 verbose link bins [ { sobel: 'sobel.js' }, '/usr/bin', true ]
50 verbose linkMans sobel-cli@1.0.1
51 silly gentlyRm /usr/bin/sobel is being gently removed
52 silly gentlyRm verifying /root/nodejs/sobelOperator is an npm working directory
53 silly gentlyRm containing path /root/nodejs/sobelOperator is under npm's control, in /root/nodejs/sobelOperator
54 silly gentlyRm /usr/bin/sobel is not under /root/nodejs/sobelOperator
55 silly gentlyRm verifying /usr/bin/sobel is an npm working directory
56 silly gentlyRm /usr/bin/sobel is under npm's control, in /root/nodejs/sobelOperator
57 verbose gentlyRm removing /usr/bin/sobel with base /root/nodejs/sobelOperator
58 verbose stack Error: /usr/bin/sobel is not a child of /root/nodejs/sobelOperator
58 verbose stack     at vacuum (/usr/lib/node_modules/npm/node_modules/fs-vacuum/vacuum.js:26:15)
58 verbose stack     at /usr/lib/node_modules/npm/lib/utils/gently-rm.js:96:16
58 verbose stack     at zalgoSafe (/usr/lib/node_modules/npm/node_modules/dezalgo/dezalgo.js:20:10)
58 verbose stack     at reduce (/usr/lib/node_modules/npm/node_modules/async-some/some.js:35:24)
58 verbose stack     at /usr/lib/node_modules/npm/lib/utils/gently-rm.js:159:14
58 verbose stack     at cb (/usr/lib/node_modules/npm/node_modules/slide/lib/async-map.js:47:24)
58 verbose stack     at /usr/lib/node_modules/npm/lib/utils/gently-rm.js:186:9
58 verbose stack     at FSReqWrap.oncomplete (evalmachine.<anonymous>:95:15)
59 verbose cwd /root/nodejs/sobelOperator
60 error Linux 3.14.32-xxxx-grs-ipv6-64
61 error argv "/usr/bin/node" "/usr/bin/npm" "link"
62 error node v0.12.7
63 error npm  v2.11.3
64 error /usr/bin/sobel is not a child of /root/nodejs/sobelOperator
65 error If you need help, you may report this error at:
65 error     <https://github.com/npm/npm/issues>
66 verbose exit [ 1, true ]
